#
# There is insufficient memory for the Java Runtime Environment to continue.
# Native memory allocation (malloc) failed to allocate 1048576 bytes for AllocateHeap
# Possible reasons:
#   The system is out of physical RAM or swap space
#   In 32 bit mode, the process size limit was hit
# Possible solutions:
#   Reduce memory load on the system
#   Increase physical memory or swap space
#   Check if swap backing store is full
#   Use 64 bit Java on a 64 bit OS
#   Decrease Java heap size (-Xmx/-Xms)
#   Decrease number of Java threads
#   Decrease Java thread stack sizes (-Xss)
#   Set larger code cache with -XX:ReservedCodeCacheSize=
# This output file may be truncated or incomplete.
#
#  Out of Memory Error (memory/allocation.inline.hpp:61), pid=19356, tid=0x0000000000004bc0
#
# JRE version:  (8.0_161-b12) (build )
# Java VM: Java HotSpot(TM) 64-Bit Server VM (25.161-b12 mixed mode windows-amd64 compressed oops)
# Failed to write core dump. Minidumps are not enabled by default on client versions of Windows
#

---------------  T H R E A D  ---------------

Current thread (0x0000000002f9e800):  JavaThread "Unknown thread" [_thread_in_vm, id=19392, stack(0x0000000002e10000,0x0000000002f10000)]

Stack: [0x0000000002e10000,0x0000000002f10000]
[error occurred during error reporting (printing stack bounds), id 0xc0000005]

Native frames: (J=compiled Java code, j=interpreted, Vv=VM code, C=native code)


---------------  P R O C E S S  ---------------

Java Threads: ( => current thread )

Other Threads:

=>0x0000000002f9e800 (exited) JavaThread "Unknown thread" [_thread_in_vm, id=19392, stack(0x0000000002e10000,0x0000000002f10000)]

VM state:not at safepoint (normal execution)

VM Mutex/Monitor currently owned by a thread: None

Heap:
 PSYoungGen      total 38400K, used 665K [0x00000000d5980000, 0x00000000d8400000, 0x0000000100000000)
  eden space 33280K, 2% used [0x00000000d5980000,0x00000000d5a26670,0x00000000d7a00000)
  from space 5120K, 0% used [0x00000000d7f00000,0x00000000d7f00000,0x00000000d8400000)
  to   space 5120K, 0% used [0x00000000d7a00000,0x00000000d7a00000,0x00000000d7f00000)
 ParOldGen       total 87552K, used 0K [0x0000000080c00000, 0x0000000086180000, 0x00000000d5980000)
  object space 87552K, 0% used [0x0000000080c00000,0x0000000080c00000,0x0000000086180000)
 Metaspace       used 747K, capacity 4480K, committed 4480K, reserved 1056768K
  class space    used 75K, capacity 384K, committed 384K, reserved 1048576K

Card table byte_map: [0x00000000124d0000,0x00000000128d0000] byte_map_base: 0x00000000120ca000

Marking Bits: (ParMarkBitMap*) 0x0000000068c1f860
 Begin Bits: [0x0000000012f80000, 0x0000000014f50000)
 End Bits:   [0x0000000014f50000, 0x0000000016f20000)

Polling page: 0x0000000001630000

CodeCache: size=245760Kb used=328Kb max_used=328Kb free=245431Kb
 bounds [0x0000000003110000, 0x0000000003380000, 0x0000000012110000]
 total_blobs=58 nmethods=0 adapters=38
 compilation: enabled

Compilation events (0 events):
No events

GC Heap History (0 events):
No events

Deoptimization events (0 events):
No events

Classes redefined (0 events):
No events

Internal exceptions (0 events):
No events

Events (10 events):
Event: 0.024 loading class java/lang/Short
Event: 0.024 loading class java/lang/Short done
Event: 0.024 loading class java/lang/Integer
Event: 0.024 loading class java/lang/Integer done
Event: 0.024 loading class java/lang/Long
Event: 0.024 loading class java/lang/Long done
Event: 0.025 loading class java/lang/NullPointerException
Event: 0.025 loading class java/lang/NullPointerException done
Event: 0.025 loading class java/lang/ArithmeticException
Event: 0.025 loading class java/lang/ArithmeticException done


Dynamic libraries:
0x00007ff6d49f0000 - 0x00007ff6d4a27000 	C:\Program Files\Java\jre1.8.0_161\bin\javaw.exe
0x00007ffc72f00000 - 0x00007ffc730ed000 	C:\WINDOWS\SYSTEM32\ntdll.dll
0x00007ffc72830000 - 0x00007ffc728e3000 	C:\WINDOWS\System32\KERNEL32.DLL
0x00007ffc6f750000 - 0x00007ffc6f9e3000 	C:\WINDOWS\System32\KERNELBASE.dll
0x00007ffc70710000 - 0x00007ffc707b3000 	C:\WINDOWS\System32\ADVAPI32.dll
0x00007ffc704e0000 - 0x00007ffc7057e000 	C:\WINDOWS\System32\msvcrt.dll
0x00007ffc70310000 - 0x00007ffc703ae000 	C:\WINDOWS\System32\sechost.dll
0x00007ffc70580000 - 0x00007ffc706a2000 	C:\WINDOWS\System32\RPCRT4.dll
0x00007ffc72390000 - 0x00007ffc72527000 	C:\WINDOWS\System32\USER32.dll
0x00007ffc6f730000 - 0x00007ffc6f750000 	C:\WINDOWS\System32\win32u.dll
0x00007ffc72690000 - 0x00007ffc726b9000 	C:\WINDOWS\System32\GDI32.dll
0x00007ffc6fed0000 - 0x00007ffc70069000 	C:\WINDOWS\System32\gdi32full.dll
0x00007ffc6fe10000 - 0x00007ffc6feb0000 	C:\WINDOWS\System32\msvcp_win.dll
0x00007ffc6fb00000 - 0x00007ffc6fbfa000 	C:\WINDOWS\System32\ucrtbase.dll
0x00007ffc5c1f0000 - 0x00007ffc5c469000 	C:\WINDOWS\WinSxS\amd64_microsoft.windows.common-controls_6595b64144ccf1df_6.0.17763.914_none_05b346b2072102f2\COMCTL32.dll
0x00007ffc71f00000 - 0x00007ffc7222c000 	C:\WINDOWS\System32\combase.dll
0x00007ffc70070000 - 0x00007ffc700ee000 	C:\WINDOWS\System32\bcryptPrimitives.dll
0x00007ffc72660000 - 0x00007ffc7268e000 	C:\WINDOWS\System32\IMM32.DLL
0x0000000068160000 - 0x0000000068232000 	C:\Program Files\Java\jre1.8.0_161\bin\msvcr100.dll
0x0000000068400000 - 0x0000000068c9f000 	C:\Program Files\Java\jre1.8.0_161\bin\server\jvm.dll
0x00007ffc70300000 - 0x00007ffc70308000 	C:\WINDOWS\System32\PSAPI.DLL
0x00007ffc676e0000 - 0x00007ffc676ea000 	C:\WINDOWS\SYSTEM32\VERSION.dll
0x00007ffc6c250000 - 0x00007ffc6c274000 	C:\WINDOWS\SYSTEM32\WINMM.dll
0x00007ffc6c1f0000 - 0x00007ffc6c21d000 	C:\WINDOWS\SYSTEM32\winmmbase.dll
0x00007ffc6ef90000 - 0x00007ffc6efda000 	C:\WINDOWS\System32\cfgmgr32.dll
0x00007ffc6b380000 - 0x00007ffc6b389000 	C:\WINDOWS\SYSTEM32\WSOCK32.dll
0x00007ffc70960000 - 0x00007ffc709cd000 	C:\WINDOWS\System32\WS2_32.dll
0x0000000068310000 - 0x000000006831f000 	C:\Program Files\Java\jre1.8.0_161\bin\verify.dll
0x00000000682e0000 - 0x0000000068309000 	C:\Program Files\Java\jre1.8.0_161\bin\java.dll
0x00000000682c0000 - 0x00000000682d6000 	C:\Program Files\Java\jre1.8.0_161\bin\zip.dll

VM Arguments:
jvm_args: -Dfile.encoding=Cp1252 
java_command: Gui.Viewer
java_class_path (initial): C:\Program Files\Java\jre1.8.0_161\lib\resources.jar;C:\Program Files\Java\jre1.8.0_161\lib\rt.jar;C:\Program Files\Java\jre1.8.0_161\lib\jsse.jar;C:\Program Files\Java\jre1.8.0_161\lib\jce.jar;C:\Program Files\Java\jre1.8.0_161\lib\charsets.jar;C:\Program Files\Java\jre1.8.0_161\lib\jfr.jar;C:\Program Files\Java\jre1.8.0_161\lib\ext\access-bridge-64.jar;C:\Program Files\Java\jre1.8.0_161\lib\ext\cldrdata.jar;C:\Program Files\Java\jre1.8.0_161\lib\ext\dnsns.jar;C:\Program Files\Java\jre1.8.0_161\lib\ext\jaccess.jar;C:\Program Files\Java\jre1.8.0_161\lib\ext\jfxrt.jar;C:\Program Files\Java\jre1.8.0_161\lib\ext\localedata.jar;C:\Program Files\Java\jre1.8.0_161\lib\ext\nashorn.jar;C:\Program Files\Java\jre1.8.0_161\lib\ext\sunec.jar;C:\Program Files\Java\jre1.8.0_161\lib\ext\sunjce_provider.jar;C:\Program Files\Java\jre1.8.0_161\lib\ext\sunmscapi.jar;C:\Program Files\Java\jre1.8.0_161\lib\ext\sunpkcs11.jar;C:\Program Files\Java\jre1.8.0_161\lib\ext\zipfs.jar;D:\eclipse workspace\LSystemInterpreter\bin
Launcher Type: SUN_STANDARD

Environment Variables:
PATH=C:/Program Files/Java/jre1.8.0_161/bin/server;C:/Program Files/Java/jre1.8.0_161/bin;C:/Program Files/Java/jre1.8.0_161/lib/amd64;C:\ProgramData\Anaconda3;C:\ProgramData\Anaconda3\Library\mingw-w64\bin;C:\ProgramData\Anaconda3\Library\usr\bin;C:\ProgramData\Anaconda3\Library\bin;C:\ProgramData\Anaconda3\Scripts;C:\Program Files (x86)\Common Files\Oracle\Java\javapath;C:\ProgramData\Oracle\Java\javapath;C:\WINDOWS\system32;C:\WINDOWS;C:\WINDOWS\System32\Wbem;C:\WINDOWS\System32\WindowsPowerShell\v1.0\;C:\Program Files (x86)\Subversion\bin;C:\Program Files (x86)\Boxcryptor\bin\;C:\Program Files (x86)\GtkSharp\2.12\bin;C:\Program Files\MiKTeX 2.9\miktex\bin\x64\;C:\WINDOWS\System32\OpenSSH\;C:\Users\Tobia\AppData\Local\Microsoft\WindowsApps;C:\MinGW\bin;%DASHLANE_DLL_DIR%;C:\Program Files\JetBrains\IntelliJ IDEA Community Edition 2019.1\bin;;;C:\Program Files\JetBrains\WebStorm 2019.3\bin;;C:\WINDOWS\System32;
USERNAME=Tobias
OS=Windows_NT
PROCESSOR_IDENTIFIER=Intel64 Family 6 Model 58 Stepping 9, GenuineIntel



---------------  S Y S T E M  ---------------

OS: Windows 10.0 , 64 bit Build 17763 (10.0.17763.475)

CPU:total 4 (initial active 4) (4 cores per cpu, 1 threads per core) family 6 model 58 stepping 9, cmov, cx8, fxsr, mmx, sse, sse2, sse3, ssse3, sse4.1, sse4.2, popcnt, avx, aes, clmul, erms, tsc, tscinvbit, tscinv

Memory: 4k page, physical 8331740k(1915712k free), swap 16116452k(5780k free)

vm_info: Java HotSpot(TM) 64-Bit Server VM (25.161-b12) for windows-amd64 JRE (1.8.0_161-b12), built on Dec 19 2017 17:52:25 by "java_re" with MS VC++ 10.0 (VS2010)

time: Sun Dec 29 16:29:32 2019
elapsed time: 0 seconds (0d 0h 0m 0s)

